D:\用户目录\DOCUMENTS\VISUAL STUDIO 2010\PROJECTS\INVANTORY\DEBUG\INVANTORY.EXE
D:\用户目录\DOCUMENTS\VISUAL STUDIO 2010\PROJECTS\INVANTORY\DEBUG\INVANTORY.ILK
D:\用户目录\DOCUMENTS\VISUAL STUDIO 2010\PROJECTS\INVANTORY\DEBUG\INVANTORY.PDB
D:\用户目录\DOCUMENTS\VISUAL STUDIO 2010\PROJECTS\INVANTORY\INVANTORY\DEBUG\C_MENU.OBJ
D:\用户目录\Documents\Visual Studio 2010\Projects\Invantory\Invantory\Debug\cl.command.1.tlog
D:\用户目录\Documents\Visual Studio 2010\Projects\Invantory\Invantory\Debug\CL.read.1.tlog
D:\用户目录\Documents\Visual Studio 2010\Projects\Invantory\Invantory\Debug\CL.write.1.tlog
D:\用户目录\DOCUMENTS\VISUAL STUDIO 2010\PROJECTS\INVANTORY\INVANTORY\DEBUG\DDADD.OBJ
D:\用户目录\DOCUMENTS\VISUAL STUDIO 2010\PROJECTS\INVANTORY\INVANTORY\DEBUG\DDSUD.OBJ
D:\用户目录\Documents\Visual Studio 2010\Projects\Invantory\Invantory\Debug\Invantory.exe.embed.manifest
D:\用户目录\DOCUMENTS\VISUAL STUDIO 2010\PROJECTS\INVANTORY\INVANTORY\DEBUG\INVANTORY.EXE.EMBED.MANIFEST.RES
D:\用户目录\DOCUMENTS\VISUAL STUDIO 2010\PROJECTS\INVANTORY\INVANTORY\DEBUG\INVANTORY.EXE.INTERMEDIATE.MANIFEST
D:\用户目录\DOCUMENTS\VISUAL STUDIO 2010\PROJECTS\INVANTORY\INVANTORY\DEBUG\INVANTORY.OBJ
D:\用户目录\DOCUMENTS\VISUAL STUDIO 2010\PROJECTS\INVANTORY\INVANTORY\DEBUG\INVANTORY.PCH
D:\用户目录\DOCUMENTS\VISUAL STUDIO 2010\PROJECTS\INVANTORY\INVANTORY\DEBUG\INVANTORY.RES
D:\用户目录\Documents\Visual Studio 2010\Projects\Invantory\Invantory\Debug\Invantory_manifest.rc
D:\用户目录\DOCUMENTS\VISUAL STUDIO 2010\PROJECTS\INVANTORY\INVANTORY\DEBUG\INVANTORYDLG.OBJ
D:\用户目录\DOCUMENTS\VISUAL STUDIO 2010\PROJECTS\INVANTORY\INVANTORY\DEBUG\KUCUNADD.OBJ
D:\用户目录\DOCUMENTS\VISUAL STUDIO 2010\PROJECTS\INVANTORY\INVANTORY\DEBUG\KUCUNHISTORY.OBJ
D:\用户目录\DOCUMENTS\VISUAL STUDIO 2010\PROJECTS\INVANTORY\INVANTORY\DEBUG\KUCUNTJ.OBJ
D:\用户目录\DOCUMENTS\VISUAL STUDIO 2010\PROJECTS\INVANTORY\INVANTORY\DEBUG\KUCUNUPDATA.OBJ
D:\用户目录\DOCUMENTS\VISUAL STUDIO 2010\PROJECTS\INVANTORY\INVANTORY\DEBUG\KUNCUNRENEW.OBJ
D:\用户目录\Documents\Visual Studio 2010\Projects\Invantory\Invantory\Debug\link.1404.read.1.tlog
D:\用户目录\Documents\Visual Studio 2010\Projects\Invantory\Invantory\Debug\link.1404.write.1.tlog
D:\用户目录\Documents\Visual Studio 2010\Projects\Invantory\Invantory\Debug\link.1404-cvtres.read.1.tlog
D:\用户目录\Documents\Visual Studio 2010\Projects\Invantory\Invantory\Debug\link.1404-cvtres.write.1.tlog
D:\用户目录\Documents\Visual Studio 2010\Projects\Invantory\Invantory\Debug\link.18688.read.1.tlog
D:\用户目录\Documents\Visual Studio 2010\Projects\Invantory\Invantory\Debug\link.18688.write.1.tlog
D:\用户目录\Documents\Visual Studio 2010\Projects\Invantory\Invantory\Debug\link.18688-cvtres.read.1.tlog
D:\用户目录\Documents\Visual Studio 2010\Projects\Invantory\Invantory\Debug\link.18688-cvtres.write.1.tlog
D:\用户目录\Documents\Visual Studio 2010\Projects\Invantory\Invantory\Debug\link.3152.read.1.tlog
D:\用户目录\Documents\Visual Studio 2010\Projects\Invantory\Invantory\Debug\link.3152.write.1.tlog
D:\用户目录\Documents\Visual Studio 2010\Projects\Invantory\Invantory\Debug\link.3152-cvtres.read.1.tlog
D:\用户目录\Documents\Visual Studio 2010\Projects\Invantory\Invantory\Debug\link.3152-cvtres.write.1.tlog
D:\用户目录\Documents\Visual Studio 2010\Projects\Invantory\Invantory\Debug\link.5596.read.1.tlog
D:\用户目录\Documents\Visual Studio 2010\Projects\Invantory\Invantory\Debug\link.5596.write.1.tlog
D:\用户目录\Documents\Visual Studio 2010\Projects\Invantory\Invantory\Debug\link.5596-cvtres.read.1.tlog
D:\用户目录\Documents\Visual Studio 2010\Projects\Invantory\Invantory\Debug\link.5596-cvtres.write.1.tlog
D:\用户目录\Documents\Visual Studio 2010\Projects\Invantory\Invantory\Debug\link.5684.read.1.tlog
D:\用户目录\Documents\Visual Studio 2010\Projects\Invantory\Invantory\Debug\link.5684.write.1.tlog
D:\用户目录\Documents\Visual Studio 2010\Projects\Invantory\Invantory\Debug\link.5684-cvtres.read.1.tlog
D:\用户目录\Documents\Visual Studio 2010\Projects\Invantory\Invantory\Debug\link.5684-cvtres.write.1.tlog
D:\用户目录\Documents\Visual Studio 2010\Projects\Invantory\Invantory\Debug\link.5712.read.1.tlog
D:\用户目录\Documents\Visual Studio 2010\Projects\Invantory\Invantory\Debug\link.5712.write.1.tlog
D:\用户目录\Documents\Visual Studio 2010\Projects\Invantory\Invantory\Debug\link.5712-cvtres.read.1.tlog
D:\用户目录\Documents\Visual Studio 2010\Projects\Invantory\Invantory\Debug\link.5712-cvtres.write.1.tlog
D:\用户目录\Documents\Visual Studio 2010\Projects\Invantory\Invantory\Debug\link.command.1.tlog
D:\用户目录\Documents\Visual Studio 2010\Projects\Invantory\Invantory\Debug\link.read.1.tlog
D:\用户目录\Documents\Visual Studio 2010\Projects\Invantory\Invantory\Debug\link.write.1.tlog
D:\用户目录\Documents\Visual Studio 2010\Projects\Invantory\Invantory\Debug\link-cvtres.read.1.tlog
D:\用户目录\Documents\Visual Studio 2010\Projects\Invantory\Invantory\Debug\link-cvtres.write.1.tlog
D:\用户目录\Documents\Visual Studio 2010\Projects\Invantory\Invantory\Debug\mt.command.1.tlog
D:\用户目录\Documents\Visual Studio 2010\Projects\Invantory\Invantory\Debug\mt.read.1.tlog
D:\用户目录\Documents\Visual Studio 2010\Projects\Invantory\Invantory\Debug\mt.write.1.tlog
D:\用户目录\Documents\Visual Studio 2010\Projects\Invantory\Invantory\Debug\rc.command.1.tlog
D:\用户目录\Documents\Visual Studio 2010\Projects\Invantory\Invantory\Debug\rc.read.1.tlog
D:\用户目录\Documents\Visual Studio 2010\Projects\Invantory\Invantory\Debug\rc.write.1.tlog
D:\用户目录\DOCUMENTS\VISUAL STUDIO 2010\PROJECTS\INVANTORY\INVANTORY\DEBUG\STDAFX.OBJ
D:\用户目录\Documents\Visual Studio 2010\Projects\Invantory\Invantory\Debug\vc100.idb
D:\用户目录\DOCUMENTS\VISUAL STUDIO 2010\PROJECTS\INVANTORY\INVANTORY\DEBUG\VC100.PDB
