生成启动时间为 2017/4/11 20:34:28。
     1>项目“D:\Invantory\Invantory\Invantory.vcxproj”在节点 2 上(build 个目标)。
     1>InitializeBuildStatus:
         正在创建“x64\Release\Invantory.unsuccessfulbuild”，因为已指定“AlwaysCreate”。
       ClCompile:
         所有输出均为最新。
         所有输出均为最新。
       ResourceCompile:
         所有输出均为最新。
       Link:
         所有输出均为最新。
         Invantory.vcxproj -> D:\Invantory\x64\Release\Invantory.exe
       Manifest:
         所有输出均为最新。
       FinalizeBuildStatus:
         正在删除文件“x64\Release\Invantory.unsuccessfulbuild”。
         正在对“x64\Release\Invantory.lastbuildstate”执行 Touch 任务。
     1>已完成生成项目“D:\Invantory\Invantory\Invantory.vcxproj”(build 个目标)的操作。

生成成功。

已用时间 00:00:00.06
