D:\INVANTORY\INVANTORY\X64\RELEASE\C_MENU.OBJ
D:\Invantory\Invantory\x64\Release\cl.command.1.tlog
D:\Invantory\Invantory\x64\Release\CL.read.1.tlog
D:\Invantory\Invantory\x64\Release\CL.write.1.tlog
D:\INVANTORY\INVANTORY\X64\RELEASE\CUSTOMER.OBJ
D:\INVANTORY\INVANTORY\X64\RELEASE\CUSTOMERBJ.OBJ
D:\INVANTORY\INVANTORY\X64\RELEASE\DDADD.OBJ
D:\INVANTORY\INVANTORY\X64\RELEASE\DDSUD.OBJ
D:\INVANTORY\INVANTORY\X64\RELEASE\DDTJ.OBJ
D:\INVANTORY\INVANTORY\X64\RELEASE\INVANTORY.EXE.INTERMEDIATE.MANIFEST
D:\INVANTORY\INVANTORY\X64\RELEASE\INVANTORY.OBJ
D:\Invantory\Invantory\x64\Release\Invantory.pch
D:\INVANTORY\INVANTORY\X64\RELEASE\INVANTORY.RES
D:\INVANTORY\INVANTORY\X64\RELEASE\INVANTORYDLG.OBJ
D:\INVANTORY\INVANTORY\X64\RELEASE\KUCUNADD.OBJ
D:\INVANTORY\INVANTORY\X64\RELEASE\KUCUNHISTORY.OBJ
D:\INVANTORY\INVANTORY\X64\RELEASE\KUCUNSEARCH.OBJ
D:\INVANTORY\INVANTORY\X64\RELEASE\KUCUNTJ.OBJ
D:\INVANTORY\INVANTORY\X64\RELEASE\KUCUNUPDATA.OBJ
D:\INVANTORY\INVANTORY\X64\RELEASE\KUNCUNRENEW.OBJ
D:\Invantory\Invantory\x64\Release\link.command.1.tlog
D:\Invantory\Invantory\x64\Release\link.read.1.tlog
D:\Invantory\Invantory\x64\Release\link.write.1.tlog
D:\Invantory\Invantory\x64\Release\link-cvtres.read.1.tlog
D:\Invantory\Invantory\x64\Release\link-cvtres.write.1.tlog
D:\Invantory\Invantory\x64\Release\mt.command.1.tlog
D:\Invantory\Invantory\x64\Release\mt.read.1.tlog
D:\Invantory\Invantory\x64\Release\mt.write.1.tlog
D:\INVANTORY\INVANTORY\X64\RELEASE\PROFIT.OBJ
D:\Invantory\Invantory\x64\Release\rc.command.1.tlog
D:\Invantory\Invantory\x64\Release\rc.read.1.tlog
D:\Invantory\Invantory\x64\Release\rc.write.1.tlog
D:\INVANTORY\INVANTORY\X64\RELEASE\SHOCKWAVEFLASH1.OBJ
D:\INVANTORY\INVANTORY\X64\RELEASE\STDAFX.OBJ
D:\INVANTORY\INVANTORY\X64\RELEASE\VC100.PDB
D:\INVANTORY\X64\RELEASE\INVANTORY.EXE
D:\INVANTORY\X64\RELEASE\INVANTORY.PDB
