D:\用户目录\DOCUMENTS\VISUAL STUDIO 2010\PROJECTS\INVANTORY\INVANTORY\X64\DEBUG\C_MENU.OBJ
D:\用户目录\Documents\Visual Studio 2010\Projects\Invantory\Invantory\x64\Debug\cl.command.1.tlog
D:\用户目录\Documents\Visual Studio 2010\Projects\Invantory\Invantory\x64\Debug\CL.read.1.tlog
D:\用户目录\Documents\Visual Studio 2010\Projects\Invantory\Invantory\x64\Debug\CL.write.1.tlog
D:\用户目录\DOCUMENTS\VISUAL STUDIO 2010\PROJECTS\INVANTORY\INVANTORY\X64\DEBUG\DDADD.OBJ
D:\用户目录\DOCUMENTS\VISUAL STUDIO 2010\PROJECTS\INVANTORY\INVANTORY\X64\DEBUG\DDSUD.OBJ
D:\用户目录\DOCUMENTS\VISUAL STUDIO 2010\PROJECTS\INVANTORY\INVANTORY\X64\DEBUG\INVANTORY.EXE.EMBED.MANIFEST
D:\用户目录\DOCUMENTS\VISUAL STUDIO 2010\PROJECTS\INVANTORY\INVANTORY\X64\DEBUG\INVANTORY.EXE.EMBED.MANIFEST.RES
D:\用户目录\DOCUMENTS\VISUAL STUDIO 2010\PROJECTS\INVANTORY\INVANTORY\X64\DEBUG\INVANTORY.EXE.INTERMEDIATE.MANIFEST
D:\用户目录\DOCUMENTS\VISUAL STUDIO 2010\PROJECTS\INVANTORY\INVANTORY\X64\DEBUG\INVANTORY.OBJ
D:\用户目录\DOCUMENTS\VISUAL STUDIO 2010\PROJECTS\INVANTORY\INVANTORY\X64\DEBUG\INVANTORY.PCH
D:\用户目录\DOCUMENTS\VISUAL STUDIO 2010\PROJECTS\INVANTORY\INVANTORY\X64\DEBUG\INVANTORY.RES
D:\用户目录\Documents\Visual Studio 2010\Projects\Invantory\Invantory\x64\Debug\Invantory_manifest.rc
D:\用户目录\DOCUMENTS\VISUAL STUDIO 2010\PROJECTS\INVANTORY\INVANTORY\X64\DEBUG\INVANTORYDLG.OBJ
D:\用户目录\DOCUMENTS\VISUAL STUDIO 2010\PROJECTS\INVANTORY\INVANTORY\X64\DEBUG\KUCUNADD.OBJ
D:\用户目录\DOCUMENTS\VISUAL STUDIO 2010\PROJECTS\INVANTORY\INVANTORY\X64\DEBUG\KUCUNHISTORY.OBJ
D:\用户目录\DOCUMENTS\VISUAL STUDIO 2010\PROJECTS\INVANTORY\INVANTORY\X64\DEBUG\KUCUNTJ.OBJ
D:\用户目录\DOCUMENTS\VISUAL STUDIO 2010\PROJECTS\INVANTORY\INVANTORY\X64\DEBUG\KUCUNUPDATA.OBJ
D:\用户目录\DOCUMENTS\VISUAL STUDIO 2010\PROJECTS\INVANTORY\INVANTORY\X64\DEBUG\KUNCUNRENEW.OBJ
D:\用户目录\Documents\Visual Studio 2010\Projects\Invantory\Invantory\x64\Debug\link.command.1.tlog
D:\用户目录\Documents\Visual Studio 2010\Projects\Invantory\Invantory\x64\Debug\link.read.1.tlog
D:\用户目录\Documents\Visual Studio 2010\Projects\Invantory\Invantory\x64\Debug\link.write.1.tlog
D:\用户目录\Documents\Visual Studio 2010\Projects\Invantory\Invantory\x64\Debug\link-cvtres.read.1.tlog
D:\用户目录\Documents\Visual Studio 2010\Projects\Invantory\Invantory\x64\Debug\link-cvtres.write.1.tlog
D:\用户目录\Documents\Visual Studio 2010\Projects\Invantory\Invantory\x64\Debug\mt.command.1.tlog
D:\用户目录\Documents\Visual Studio 2010\Projects\Invantory\Invantory\x64\Debug\mt.read.1.tlog
D:\用户目录\Documents\Visual Studio 2010\Projects\Invantory\Invantory\x64\Debug\mt.write.1.tlog
D:\用户目录\Documents\Visual Studio 2010\Projects\Invantory\Invantory\x64\Debug\rc.command.1.tlog
D:\用户目录\Documents\Visual Studio 2010\Projects\Invantory\Invantory\x64\Debug\rc.read.1.tlog
D:\用户目录\Documents\Visual Studio 2010\Projects\Invantory\Invantory\x64\Debug\rc.write.1.tlog
D:\用户目录\DOCUMENTS\VISUAL STUDIO 2010\PROJECTS\INVANTORY\INVANTORY\X64\DEBUG\STDAFX.OBJ
D:\用户目录\Documents\Visual Studio 2010\Projects\Invantory\Invantory\x64\Debug\vc100.idb
D:\用户目录\DOCUMENTS\VISUAL STUDIO 2010\PROJECTS\INVANTORY\INVANTORY\X64\DEBUG\VC100.PDB
D:\用户目录\DOCUMENTS\VISUAL STUDIO 2010\PROJECTS\INVANTORY\X64\DEBUG\INVANTORY.EXE
D:\用户目录\DOCUMENTS\VISUAL STUDIO 2010\PROJECTS\INVANTORY\X64\DEBUG\INVANTORY.ILK
D:\用户目录\DOCUMENTS\VISUAL STUDIO 2010\PROJECTS\INVANTORY\X64\DEBUG\INVANTORY.PDB
